{
  "stats": {
    "suites": 7,
    "tests": 38,
    "passes": 38,
    "pending": 0,
    "failures": 0,
    "start": "2025-10-19T19:27:33.319Z",
    "end": "2025-10-19T19:27:44.411Z",
    "duration": 11092,
    "testsRegistered": 38,
    "passPercent": 100,
    "pendingPercent": 0,
    "other": 0,
    "hasOther": false,
    "skipped": 0,
    "hasSkipped": false
  },
  "results": [
    {
      "uuid": "2a3ace0d-beca-4d77-8c00-c1eede54a7b4",
      "title": "",
      "fullFile": "",
      "file": "",
      "beforeHooks": [],
      "afterHooks": [],
      "tests": [],
      "suites": [
        {
          "uuid": "dbd55de7-3e5e-46a8-8712-3e10ac2cecc1",
          "title": "Get Requests",
          "fullFile": "C:\\Users\\Divin\\OneDrive\\Desktop\\IP IT\\My Assignments\\Dees Design Backend\\api-test\\get_request.js",
          "file": "\\api-test\\get_request.js",
          "beforeHooks": [],
          "afterHooks": [],
          "tests": [
            {
              "title": "confirm cartRequests",
              "fullTitle": "Get Requests confirm cartRequests",
              "timedOut": false,
              "duration": 194,
              "state": "passed",
              "speed": "slow",
              "pass": true,
              "fail": false,
              "pending": false,
              "context": null,
              "code": "const res = await axios.get(`${url}/confirmCartRequest`,{\n  params: { token: \"999200e67126e3a49c8987a8e7ba57a3341a88dd\"} \n});\nexpect(res.status).equal(200);",
              "err": {},
              "uuid": "3d2b08af-a65f-4d0d-9bbb-0311e8dbf008",
              "parentUUID": "dbd55de7-3e5e-46a8-8712-3e10ac2cecc1",
              "isHook": false,
              "skipped": false
            },
            {
              "title": "get all products",
              "fullTitle": "Get Requests get all products",
              "timedOut": false,
              "duration": 245,
              "state": "passed",
              "speed": "slow",
              "pass": true,
              "fail": false,
              "pending": false,
              "context": null,
              "code": "const res = await axios.get(url+\"/stockProducts\",\n\n   {headers: {\"Authorization\":`Basic ZGl2aW5lbnRhbWJ3ZTI4QGdtYWlsLmNvbTpNVEl6TkRVMk56Z3RSQT09`}})\n  \n\n  expect(res.status).equal(200)",
              "err": {},
              "uuid": "61dda6c4-4b3d-48ea-acab-800490d08d99",
              "parentUUID": "dbd55de7-3e5e-46a8-8712-3e10ac2cecc1",
              "isHook": false,
              "skipped": false
            },
            {
              "title": "get all products on sale",
              "fullTitle": "Get Requests get all products on sale",
              "timedOut": false,
              "duration": 252,
              "state": "passed",
              "speed": "slow",
              "pass": true,
              "fail": false,
              "pending": false,
              "context": null,
              "code": "const res = await axios.get(`${url}/allDesignerProducts`, {\n  headers: {\n    Authorization: `Basic ZGl2aW5lbnRhbWJ3ZTI4QGdtYWlsLmNvbTpNVEl6TkRVMk56Z3RSQT09`,\n  },\n});\nres.data.map((product) => {\n  expect(product).to.have.property(\"onSale\", true);\n});",
              "err": {},
              "uuid": "d62f592f-e897-487d-8f11-214cc464919b",
              "parentUUID": "dbd55de7-3e5e-46a8-8712-3e10ac2cecc1",
              "isHook": false,
              "skipped": false
            },
            {
              "title": "get all reviews for a product with many reviews",
              "fullTitle": "Get Requests get all reviews for a product with many reviews",
              "timedOut": false,
              "duration": 211,
              "state": "passed",
              "speed": "slow",
              "pass": true,
              "fail": false,
              "pending": false,
              "context": null,
              "code": "const res = await axios.get(`${url}/reviews/68a2db88d39fff0320a978a7`, {\n  headers: {\n    Authorization: `Basic ZGl2aW5lbnRhbWJ3ZTI4QGdtYWlsLmNvbTpNVEl6TkRVMk56Z3RSQT09`,\n  },\n});\nres.data.map((product) => {\n  expect(product).to.have.property(\"productId\", \"68a2db88d39fff0320a978a7\");\n});",
              "err": {},
              "uuid": "bd2a6596-637c-4414-a31e-919a7c6a4b74",
              "parentUUID": "dbd55de7-3e5e-46a8-8712-3e10ac2cecc1",
              "isHook": false,
              "skipped": false
            },
            {
              "title": "get reviews for product with no reviews",
              "fullTitle": "Get Requests get reviews for product with no reviews",
              "timedOut": false,
              "duration": 190,
              "state": "passed",
              "speed": "slow",
              "pass": true,
              "fail": false,
              "pending": false,
              "context": null,
              "code": "const res = await axios.get(`${url}/reviews/68c02e8db0000dd0b2d27202`, {\n  headers: {\n    Authorization: `Basic ZGl2aW5lbnRhbWJ3ZTI4QGdtYWlsLmNvbTpNVEl6TkRVMk56Z3RSQT09`,\n  },\n});\nexpect(res.data).equal(\"No reviews yet\");",
              "err": {},
              "uuid": "785edeb8-29c2-4f5c-b89b-44cadff2c714",
              "parentUUID": "dbd55de7-3e5e-46a8-8712-3e10ac2cecc1",
              "isHook": false,
              "skipped": false
            },
            {
              "title": "get all reviews for a designer with many reviews",
              "fullTitle": "Get Requests get all reviews for a designer with many reviews",
              "timedOut": false,
              "duration": 294,
              "state": "passed",
              "speed": "slow",
              "pass": true,
              "fail": false,
              "pending": false,
              "context": null,
              "code": "const res = await axios.get(`${url}/designerReviews/68a5866104bda72911928fa7`, {\n  headers: {\n    Authorization: `Basic ZGl2aW5lbnRhbWJ3ZTI4QGdtYWlsLmNvbTpNVEl6TkRVMk56Z3RSQT09`,\n  },\n});\nres.data.map((product) => {\n  expect(product).to.have.property(\"designerId\", \"68a5866104bda72911928fa7\");\n});",
              "err": {},
              "uuid": "f5837b84-24b7-4d4c-95ae-5c47d4827014",
              "parentUUID": "dbd55de7-3e5e-46a8-8712-3e10ac2cecc1",
              "isHook": false,
              "skipped": false
            },
            {
              "title": "get reviews for a designer with no reviews",
              "fullTitle": "Get Requests get reviews for a designer with no reviews",
              "timedOut": false,
              "duration": 226,
              "state": "passed",
              "speed": "slow",
              "pass": true,
              "fail": false,
              "pending": false,
              "context": null,
              "code": "const res = await axios.get(`${url}/reviews/68e68d68593277b4bbd76ba3`, {\n  headers: {\n    Authorization: `Basic ZGl2aW5lbnRhbWJ3ZTI4QGdtYWlsLmNvbTpNVEl6TkRVMk56Z3RSQT09`,\n  },\n});\nexpect(res.data).equal(\"No reviews yet\");",
              "err": {},
              "uuid": "b315857d-3825-497f-b404-b1707c887fe4",
              "parentUUID": "dbd55de7-3e5e-46a8-8712-3e10ac2cecc1",
              "isHook": false,
              "skipped": false
            },
            {
              "title": "get cart items for a customer",
              "fullTitle": "Get Requests get cart items for a customer",
              "timedOut": false,
              "duration": 225,
              "state": "passed",
              "speed": "slow",
              "pass": true,
              "fail": false,
              "pending": false,
              "context": null,
              "code": "const res = await axios.get(`${url}/cart/68a578a2ecef687c7aa2b1d9`, {\n  headers: {\n    Authorization: `Basic ZGl2aW5lbnRhbWJ3ZTI4QGdtYWlsLmNvbTpNVEl6TkRVMk56Z3RSQT09`,\n  },\n});\n res.data.map((item) => {\n  expect(item).to.have.property(\"customerId\", \"68a578a2ecef687c7aa2b1d9\");\n});",
              "err": {},
              "uuid": "d905275c-a638-4066-b54e-fd51ab2d6cc6",
              "parentUUID": "dbd55de7-3e5e-46a8-8712-3e10ac2cecc1",
              "isHook": false,
              "skipped": false
            },
            {
              "title": "get all orders for a customer with accurate mock tracking details",
              "fullTitle": "Get Requests get all orders for a customer with accurate mock tracking details",
              "timedOut": false,
              "duration": 822,
              "state": "passed",
              "speed": "slow",
              "pass": true,
              "fail": false,
              "pending": false,
              "context": null,
              "code": "const res = await axios.get(`${url}/customerOrders/68a578a2ecef687c7aa2b1d9`, {\n  headers: {\n    Authorization: `Basic ZGl2aW5lbnRhbWJ3ZTI4QGdtYWlsLmNvbTpNVEl6TkRVMk56Z3RSQT09`,\n  },\n});\n res.data.map((order) => {\n  expect(order).to.have.property(\"customerId\", \"68a578a2ecef687c7aa2b1d9\");\n  const daysInProcess =\n  new Date(order.dateOfDelivery - order.dateOfPurchase).getDate() - 2;\n  if (\n    Date.parse(new Date()) <=\n      Date.parse(`1970/01/${daysInProcess}`) +\n        Date.parse(order.dateOfPurchase) &&\n    new Date().toDateString() !== order.dateOfPurchase.toDateString()\n  ) {\n    expect(order.statusOfExchange).equal(\"is being processed\")\n  }\n  if (\n    new Date().toDateString() ===\n    new Date(\n      Date.parse(`1970/01/${daysInProcess + 1}`) +\n        Date.parse(order.dateOfPurchase)\n    ).toDateString()\n  ) {\n     expect(order.statusOfExchange).equal(\"in transit\")\n  }\n   if (\n    new Date().toDateString() ===\n    new Date(\n      Date.parse(`1970/01/${daysInProcess + 2}`) +\n        Date.parse(order.dateOfPurchase)\n    ).toDateString()\n  ) {\n     expect(order.statusOfExchange).equal(\"has hit the road!\")\n  }\n  if (\n    Date.parse(new Date()) >=\n      Date.parse(`1970/01/${daysInProcess + 3}`) +\n        Date.parse(order.dateOfPurchase) &&\n    new Date().toDateString() !== order.dateOfPurchase.toDateString()\n  ) {\n     expect(order.statusOfExchange).equal(\"delivered\")\n  }\n \n});",
              "err": {},
              "uuid": "4dabe911-ed01-4aea-b89d-5ab560666cfb",
              "parentUUID": "dbd55de7-3e5e-46a8-8712-3e10ac2cecc1",
              "isHook": false,
              "skipped": false
            },
            {
              "title": "get all products uploaded by a designer",
              "fullTitle": "Get Requests get all products uploaded by a designer",
              "timedOut": false,
              "duration": 271,
              "state": "passed",
              "speed": "slow",
              "pass": true,
              "fail": false,
              "pending": false,
              "context": null,
              "code": "const res = await axios.get(`${url}/designersProducts/68a5866104bda72911928fa7`, {\n  headers: {\n    Authorization: `Basic ZGl2aW5lbnRhbWJ3ZTI4QGdtYWlsLmNvbTpNVEl6TkRVMk56Z3RSQT09`,\n  },\n});\n res.data.map((item) => {\n  expect(item).to.have.property(\"designerId\", \"68a5866104bda72911928fa7\");\n});",
              "err": {},
              "uuid": "d4ef7bb6-2b2f-47be-9117-677107225195",
              "parentUUID": "dbd55de7-3e5e-46a8-8712-3e10ac2cecc1",
              "isHook": false,
              "skipped": false
            },
            {
              "title": "get designers contact info",
              "fullTitle": "Get Requests get designers contact info",
              "timedOut": false,
              "duration": 344,
              "state": "passed",
              "speed": "slow",
              "pass": true,
              "fail": false,
              "pending": false,
              "context": null,
              "code": "const res = await axios.get(`${url}/designersContactInfo`, {\n  headers: {\n    Authorization: `Basic ZGl2aW5lbnRhbWJ3ZTI4QGdtYWlsLmNvbTpNVEl6TkRVMk56Z3RSQT09`,\n  },\n});",
              "err": {},
              "uuid": "a9d613a3-386a-4bcc-9e17-429db90a0a69",
              "parentUUID": "dbd55de7-3e5e-46a8-8712-3e10ac2cecc1",
              "isHook": false,
              "skipped": false
            }
          ],
          "suites": [],
          "passes": [
            "3d2b08af-a65f-4d0d-9bbb-0311e8dbf008",
            "61dda6c4-4b3d-48ea-acab-800490d08d99",
            "d62f592f-e897-487d-8f11-214cc464919b",
            "bd2a6596-637c-4414-a31e-919a7c6a4b74",
            "785edeb8-29c2-4f5c-b89b-44cadff2c714",
            "f5837b84-24b7-4d4c-95ae-5c47d4827014",
            "b315857d-3825-497f-b404-b1707c887fe4",
            "d905275c-a638-4066-b54e-fd51ab2d6cc6",
            "4dabe911-ed01-4aea-b89d-5ab560666cfb",
            "d4ef7bb6-2b2f-47be-9117-677107225195",
            "a9d613a3-386a-4bcc-9e17-429db90a0a69"
          ],
          "failures": [],
          "pending": [],
          "skipped": [],
          "duration": 3274,
          "root": false,
          "rootEmpty": false,
          "_timeout": 40000
        },
        {
          "uuid": "c8086fd9-2cf2-48c2-83b0-2331d0e787b3",
          "title": "post a new customer",
          "fullFile": "C:\\Users\\Divin\\OneDrive\\Desktop\\IP IT\\My Assignments\\Dees Design Backend\\api-test\\post_request.js",
          "file": "\\api-test\\post_request.js",
          "beforeHooks": [
            {
              "title": "\"before all\" hook in \"post a new customer\"",
              "fullTitle": "post a new customer \"before all\" hook in \"post a new customer\"",
              "timedOut": false,
              "duration": 0,
              "state": null,
              "speed": null,
              "pass": false,
              "fail": false,
              "pending": false,
              "context": null,
              "code": "userData = {\n  name: `test`,\n  surname: `user`,\n  email: `testuser${Date.now()}@example.com`,\n  mobileNumber: \"0789898112\",\n  gender: \"M\",\n  password: \"Test123!\",\n  confirmPassword: \"Test123!\",\n};",
              "err": {},
              "uuid": "5f87b4ab-eead-422b-ba03-8ffd0b808a48",
              "parentUUID": "c8086fd9-2cf2-48c2-83b0-2331d0e787b3",
              "isHook": true,
              "skipped": false
            }
          ],
          "afterHooks": [],
          "tests": [
            {
              "title": "post new customer",
              "fullTitle": "post a new customer post new customer",
              "timedOut": false,
              "duration": 90,
              "state": "passed",
              "speed": "slow",
              "pass": true,
              "fail": false,
              "pending": false,
              "context": null,
              "code": "const res = await axios.post(`${url}/customersSignUp`, userData, {\n  contentType: \"application/json\",\n});\nexpect(res.status).equal(200);",
              "err": {},
              "uuid": "bb05d9e6-988d-462f-bd9f-b6de6d801737",
              "parentUUID": "c8086fd9-2cf2-48c2-83b0-2331d0e787b3",
              "isHook": false,
              "skipped": false
            },
            {
              "title": "post should not create new customer with existing email",
              "fullTitle": "post a new customer post should not create new customer with existing email",
              "timedOut": false,
              "duration": 86,
              "state": "passed",
              "speed": "slow",
              "pass": true,
              "fail": false,
              "pending": false,
              "context": null,
              "code": "try {\n  const res = await axios.post(`${url}/customersSignUp`, {...userData,email:\"divinentambwe28@gmail.com\"}, {\n    contentType: \"application/json\",\n  });\n  expect.fail(\"should not create customer\");\n} catch (e) {\n  expect(e.response).to.have.status(400);\n  expect(e.response.data).to.have.property( \"error\", \"User already exists please log in\");\n}",
              "err": {},
              "uuid": "369bc8a9-cc9e-4cc3-8dae-4693a196e610",
              "parentUUID": "c8086fd9-2cf2-48c2-83b0-2331d0e787b3",
              "isHook": false,
              "skipped": false
            },
            {
              "title": "post should not create new customer with invalid phone number",
              "fullTitle": "post a new customer post should not create new customer with invalid phone number",
              "timedOut": false,
              "duration": 79,
              "state": "passed",
              "speed": "slow",
              "pass": true,
              "fail": false,
              "pending": false,
              "context": null,
              "code": "try {\n  const res = await axios.post(`${url}/customersSignUp`, {...userData,mobileNumber:\"07899002\"}, {\n    contentType: \"application/json\",\n  });\n  expect.fail(\"should not create customer\");\n} catch (e) {\n  expect(e.response).to.have.status(400);\n  expect(e.response.data).to.have.property( \"error\", \"Phone number is invalid\");\n}",
              "err": {},
              "uuid": "2f143186-4439-460f-a199-18a76113b53c",
              "parentUUID": "c8086fd9-2cf2-48c2-83b0-2331d0e787b3",
              "isHook": false,
              "skipped": false
            },
            {
              "title": "post should not create new customer with short password",
              "fullTitle": "post a new customer post should not create new customer with short password",
              "timedOut": false,
              "duration": 116,
              "state": "passed",
              "speed": "slow",
              "pass": true,
              "fail": false,
              "pending": false,
              "context": null,
              "code": "try {\n  const res = await axios.post(`${url}/customersSignUp`, {...userData,password:\"9002\"}, {\n    contentType: \"application/json\",\n  });\n  expect.fail(\"should not create customer\");\n} catch (e) {\n  expect(e.response).to.have.status(400);\n  expect(e.response.data).to.have.property( \"error\", \"Password too short\");\n}",
              "err": {},
              "uuid": "282b1e6d-8209-49d2-ae87-8762b6cb57a3",
              "parentUUID": "c8086fd9-2cf2-48c2-83b0-2331d0e787b3",
              "isHook": false,
              "skipped": false
            },
            {
              "title": "post should not create new customer with invalid password",
              "fullTitle": "post a new customer post should not create new customer with invalid password",
              "timedOut": false,
              "duration": 112,
              "state": "passed",
              "speed": "slow",
              "pass": true,
              "fail": false,
              "pending": false,
              "context": null,
              "code": "try {\n  const res = await axios.post(`${url}/customersSignUp`, {...userData,password:\"90020000\"}, {\n    contentType: \"application/json\",\n  });\n  expect.fail(\"should not create customer\");\n} catch (e) {\n  expect(e.response).to.have.status(400);\n  expect(e.response.data).to.have.property( \"error\", \"Password should include numbers and letters and symbols\");\n}",
              "err": {},
              "uuid": "a09e3bda-2861-468e-960a-6bb0e52aacb1",
              "parentUUID": "c8086fd9-2cf2-48c2-83b0-2331d0e787b3",
              "isHook": false,
              "skipped": false
            },
            {
              "title": "post should not create new customer with mismatching passwords",
              "fullTitle": "post a new customer post should not create new customer with mismatching passwords",
              "timedOut": false,
              "duration": 112,
              "state": "passed",
              "speed": "slow",
              "pass": true,
              "fail": false,
              "pending": false,
              "context": null,
              "code": "try {\n  const res = await axios.post(`${url}/customersSignUp`, {...userData,password:\"12345678-K\"}, {\n    contentType: \"application/json\",\n  });\n  expect.fail(\"should not create customer\");\n} catch (e) {\n  expect(e.response).to.have.status(400);\n  expect(e.response.data).to.have.property( \"error\", \"Passwords do not match\");\n}",
              "err": {},
              "uuid": "99639e08-6da8-4065-8751-b2049e527cf3",
              "parentUUID": "c8086fd9-2cf2-48c2-83b0-2331d0e787b3",
              "isHook": false,
              "skipped": false
            }
          ],
          "suites": [],
          "passes": [
            "bb05d9e6-988d-462f-bd9f-b6de6d801737",
            "369bc8a9-cc9e-4cc3-8dae-4693a196e610",
            "2f143186-4439-460f-a199-18a76113b53c",
            "282b1e6d-8209-49d2-ae87-8762b6cb57a3",
            "a09e3bda-2861-468e-960a-6bb0e52aacb1",
            "99639e08-6da8-4065-8751-b2049e527cf3"
          ],
          "failures": [],
          "pending": [],
          "skipped": [],
          "duration": 595,
          "root": false,
          "rootEmpty": false,
          "_timeout": 40000
        },
        {
          "uuid": "8ba7043b-e964-4200-a164-9fc24ed296aa",
          "title": "posting a new designer",
          "fullFile": "C:\\Users\\Divin\\OneDrive\\Desktop\\IP IT\\My Assignments\\Dees Design Backend\\api-test\\post_request.js",
          "file": "\\api-test\\post_request.js",
          "beforeHooks": [
            {
              "title": "\"before all\" hook in \"posting a new designer\"",
              "fullTitle": "posting a new designer \"before all\" hook in \"posting a new designer\"",
              "timedOut": false,
              "duration": 0,
              "state": null,
              "speed": null,
              "pass": false,
              "fail": false,
              "pending": false,
              "context": null,
              "code": "testFilePath = path.join(__dirname, \"hk7xO3Zf.jpeg\");\nif (!fs.existsSync(testFilePath)) {\n  fs.writeFileSync(testFilePath, \".....\");\n}\nuserData = {\n  name: \"test\",\n  surname: \"user\",\n  email: `test${Date.now()}@example.com`,\n  phoneNumber: \"0789898112\",\n  gender: \"M\",\n  password: \"Test123!\",\n  confirmPassword: \"Test123!\",\n};",
              "err": {},
              "uuid": "f794ec3e-faa0-4a6d-9cfe-ba2a31cac9b5",
              "parentUUID": "8ba7043b-e964-4200-a164-9fc24ed296aa",
              "isHook": true,
              "skipped": false
            }
          ],
          "afterHooks": [],
          "tests": [
            {
              "title": "should post new designer",
              "fullTitle": "posting a new designer should post new designer",
              "timedOut": false,
              "duration": 221,
              "state": "passed",
              "speed": "slow",
              "pass": true,
              "fail": false,
              "pending": false,
              "context": null,
              "code": "let formData = new FormData();\nformData.append(\"pfp\", fs.createReadStream(\"./api-test/hk7xO3Zf.jpeg\"));\nformData.append(\"details\", JSON.stringify(userData));\nconst res = await axios.post(\n  `${url}/designersSignUp`,\n  formData,\n  { headers: formData.getHeaders() }\n);\nexpect(res.status).equal(200);",
              "err": {},
              "uuid": "8e7385a3-6aae-49bc-9b94-ce124a12a543",
              "parentUUID": "8ba7043b-e964-4200-a164-9fc24ed296aa",
              "isHook": false,
              "skipped": false
            },
            {
              "title": "post should not create new designer with existing email",
              "fullTitle": "posting a new designer post should not create new designer with existing email",
              "timedOut": false,
              "duration": 78,
              "state": "passed",
              "speed": "slow",
              "pass": true,
              "fail": false,
              "pending": false,
              "context": null,
              "code": "try {\n  let formData = new FormData();\nformData.append(\"pfp\", fs.createReadStream(\"./api-test/hk7xO3Zf.jpeg\"));\nformData.append(\"details\", JSON.stringify({...userData,email:\"carmel@gmail.com\"}));\n  const res = await axios.post(`${url}/designersSignUp`, formData, {\n    contentType: \"application/json\",\n  });\n  expect.fail(\"should not create designer\");\n} catch (e) {\n  expect(e.response).to.have.status(400);\n  expect(e.response.data).to.have.property( \"error\", \"User already exists please log in\");\n}",
              "err": {},
              "uuid": "10530ac7-cc01-4884-89fe-096a69b9880a",
              "parentUUID": "8ba7043b-e964-4200-a164-9fc24ed296aa",
              "isHook": false,
              "skipped": false
            }
          ],
          "suites": [],
          "passes": [
            "8e7385a3-6aae-49bc-9b94-ce124a12a543",
            "10530ac7-cc01-4884-89fe-096a69b9880a"
          ],
          "failures": [],
          "pending": [],
          "skipped": [],
          "duration": 299,
          "root": false,
          "rootEmpty": false,
          "_timeout": 40000
        },
        {
          "uuid": "2975e7cd-9120-4a4d-aba6-3a0bc9b2a8e5",
          "title": "testing log in",
          "fullFile": "C:\\Users\\Divin\\OneDrive\\Desktop\\IP IT\\My Assignments\\Dees Design Backend\\api-test\\post_request.js",
          "file": "\\api-test\\post_request.js",
          "beforeHooks": [
            {
              "title": "\"before all\" hook in \"testing log in\"",
              "fullTitle": "testing log in \"before all\" hook in \"testing log in\"",
              "timedOut": false,
              "duration": 0,
              "state": null,
              "speed": null,
              "pass": false,
              "fail": false,
              "pending": false,
              "context": null,
              "code": "customer = {\n  email: \"divinentambwe28@gmail.com\",\n  password: \"12345678-D\",\n};\ndesigner = {\n  email: \"carmel@gmail.com\",\n  password: \"12345678-C\",\n};",
              "err": {},
              "uuid": "a7c1b4b3-f8db-406e-901e-2ffa4effba66",
              "parentUUID": "2975e7cd-9120-4a4d-aba6-3a0bc9b2a8e5",
              "isHook": true,
              "skipped": false
            }
          ],
          "afterHooks": [],
          "tests": [
            {
              "title": "should log customer in with correct credentials",
              "fullTitle": "testing log in should log customer in with correct credentials",
              "timedOut": false,
              "duration": 75,
              "state": "passed",
              "speed": "medium",
              "pass": true,
              "fail": false,
              "pending": false,
              "context": null,
              "code": "const res = await axios.post(\n  `${url}/userLogin`,\n  { ...customer, isDesigner: false },\n  {\n    headers: {\n      \"Content-Type\": \"application/json\",\n    },\n  }\n);\nexpect(res.data).to.have.property(\"message\", \"successfully Logged In\");\nexpect(res.data).to.have.property(\"email\", customer.email);\nexpect(res).to.have.status(200);",
              "err": {},
              "uuid": "9cab0fb6-4e63-41dc-8ad4-487914a37aa9",
              "parentUUID": "2975e7cd-9120-4a4d-aba6-3a0bc9b2a8e5",
              "isHook": false,
              "skipped": false
            },
            {
              "title": "should log designer in with correct credentials",
              "fullTitle": "testing log in should log designer in with correct credentials",
              "timedOut": false,
              "duration": 97,
              "state": "passed",
              "speed": "slow",
              "pass": true,
              "fail": false,
              "pending": false,
              "context": null,
              "code": "const res = await axios.post(\n  `${url}/userLogin`,\n  { ...designer, isDesigner: true },\n  {\n    headers: {\n      \"Content-Type\": \"application/json\",\n    },\n  }\n);\nexpect(res.data).to.have.property(\"message\", \"successfully Logged In\");\nexpect(res.data).to.have.property(\"email\", designer.email);\nexpect(res.status).equal(200);",
              "err": {},
              "uuid": "dc719370-0a45-4eea-af58-a2a23e0ee998",
              "parentUUID": "2975e7cd-9120-4a4d-aba6-3a0bc9b2a8e5",
              "isHook": false,
              "skipped": false
            },
            {
              "title": "should not log in designer incorrect credentials",
              "fullTitle": "testing log in should not log in designer incorrect credentials",
              "timedOut": false,
              "duration": 75,
              "state": "passed",
              "speed": "medium",
              "pass": true,
              "fail": false,
              "pending": false,
              "context": null,
              "code": "try {\n  const res = await axios.post(\n    `${url}/userLogin`,\n    { email: designer.email, password: \"123456789\", isDesigner: true },\n    {\n      headers: {\n        \"Content-Type\": \"application/json\",\n      },\n    }\n  );\n  expect.fail(\"should not log user in\");\n} catch (e) {\n  expect(e.status).equal(400);\n  expect(e.response.data).to.have.property(\"error\", \"incorrect password\");\n}",
              "err": {},
              "uuid": "2926b3e1-6396-4751-bd5a-b68a5cba85ee",
              "parentUUID": "2975e7cd-9120-4a4d-aba6-3a0bc9b2a8e5",
              "isHook": false,
              "skipped": false
            },
            {
              "title": "should not log in customer incorrect credentials",
              "fullTitle": "testing log in should not log in customer incorrect credentials",
              "timedOut": false,
              "duration": 69,
              "state": "passed",
              "speed": "medium",
              "pass": true,
              "fail": false,
              "pending": false,
              "context": null,
              "code": "try {\n  const res = await axios.post(\n    `${url}/userLogin`,\n    { email: customer.email, password: \"123456789\", isDesigner: false },\n    {\n      headers: {\n        \"Content-Type\": \"application/json\",\n      },\n    }\n  );\n  expect.fail(\"should not log user in\");\n} catch (e) {\n  expect(e.status).equal(400);\n  expect(e.response.data).to.have.property(\"error\", \"incorrect password\");\n}",
              "err": {},
              "uuid": "e6e86ffc-8e8e-47f5-8b58-5af95632a32a",
              "parentUUID": "2975e7cd-9120-4a4d-aba6-3a0bc9b2a8e5",
              "isHook": false,
              "skipped": false
            },
            {
              "title": "should not log customer in with non-existent email",
              "fullTitle": "testing log in should not log customer in with non-existent email",
              "timedOut": false,
              "duration": 80,
              "state": "passed",
              "speed": "slow",
              "pass": true,
              "fail": false,
              "pending": false,
              "context": null,
              "code": "try {\n  const res = await axios.post(\n    `${url}/userLogin`,\n    { email: \"test@nomail.com\", password: \"123456789\", isDesigner: false },\n    {\n      headers: {\n        \"Content-Type\": \"application/json\",\n      },\n    }\n  );\n  expect.fail(\"should not log user in\");\n} catch (e) {\n  expect(e.status).equal(400);\n  expect(e.response.data).to.have.property(\n    \"error\",\n    \"Email does not exist please sign up\"\n  );\n}",
              "err": {},
              "uuid": "39c00aee-4494-4a20-ac30-e7c1e1be5742",
              "parentUUID": "2975e7cd-9120-4a4d-aba6-3a0bc9b2a8e5",
              "isHook": false,
              "skipped": false
            },
            {
              "title": "should not log designer in with non-existent email",
              "fullTitle": "testing log in should not log designer in with non-existent email",
              "timedOut": false,
              "duration": 76,
              "state": "passed",
              "speed": "slow",
              "pass": true,
              "fail": false,
              "pending": false,
              "context": null,
              "code": "try {\n  const res = await axios.post(\n    `${url}/userLogin`,\n    { email: \"test@nomail.com\", password: \"123456789\", isDesigner: true },\n    {\n      headers: {\n        \"Content-Type\": \"application/json\",\n      },\n    }\n  );\n  expect.fail(\"should not log user in\");\n} catch (e) {\n  expect(e.status).equal(400);\n  expect(e.response.data).to.have.property(\n    \"error\",\n    \"Email does not exist please sign up\"\n  );\n}",
              "err": {},
              "uuid": "02ea7f5d-356f-4f70-a91b-d803dcb73f8a",
              "parentUUID": "2975e7cd-9120-4a4d-aba6-3a0bc9b2a8e5",
              "isHook": false,
              "skipped": false
            },
            {
              "title": "should not log customer in as a designer",
              "fullTitle": "testing log in should not log customer in as a designer",
              "timedOut": false,
              "duration": 74,
              "state": "passed",
              "speed": "medium",
              "pass": true,
              "fail": false,
              "pending": false,
              "context": null,
              "code": "try {\n  const res = await axios.post(\n    `${url}/userLogin`,\n    { ...customer, isDesigner: true },\n    {\n      headers: {\n        \"Content-Type\": \"application/json\",\n      },\n    }\n  );\n  expect.fail(\"should not log user in\");\n} catch (e) {\n  expect(e.status).equal(400);\n  expect(e.response.data).to.have.property(\n    \"error\",\n    \"Email does not exist please sign up\"\n  );\n}",
              "err": {},
              "uuid": "f4e072f6-ef33-4690-ac0b-f4f41e7760bf",
              "parentUUID": "2975e7cd-9120-4a4d-aba6-3a0bc9b2a8e5",
              "isHook": false,
              "skipped": false
            },
            {
              "title": "should not log customer in as a designer",
              "fullTitle": "testing log in should not log customer in as a designer",
              "timedOut": false,
              "duration": 95,
              "state": "passed",
              "speed": "slow",
              "pass": true,
              "fail": false,
              "pending": false,
              "context": null,
              "code": "try {\n  const res = await axios.post(\n    `${url}/userLogin`,\n    { ...designer, isDesigner: false },\n    {\n      headers: {\n        \"Content-Type\": \"application/json\",\n      },\n    }\n  );\n  expect.fail(\"should not log user in\");\n} catch (e) {\n  expect(e.status).equal(400);\n  expect(e.response.data).to.have.property(\n    \"error\",\n    \"Email does not exist please sign up\"\n  );\n}",
              "err": {},
              "uuid": "46382f18-1e17-4e5c-9b37-58e90bf855da",
              "parentUUID": "2975e7cd-9120-4a4d-aba6-3a0bc9b2a8e5",
              "isHook": false,
              "skipped": false
            }
          ],
          "suites": [],
          "passes": [
            "9cab0fb6-4e63-41dc-8ad4-487914a37aa9",
            "dc719370-0a45-4eea-af58-a2a23e0ee998",
            "2926b3e1-6396-4751-bd5a-b68a5cba85ee",
            "e6e86ffc-8e8e-47f5-8b58-5af95632a32a",
            "39c00aee-4494-4a20-ac30-e7c1e1be5742",
            "02ea7f5d-356f-4f70-a91b-d803dcb73f8a",
            "f4e072f6-ef33-4690-ac0b-f4f41e7760bf",
            "46382f18-1e17-4e5c-9b37-58e90bf855da"
          ],
          "failures": [],
          "pending": [],
          "skipped": [],
          "duration": 641,
          "root": false,
          "rootEmpty": false,
          "_timeout": 40000
        },
        {
          "uuid": "ec5357ed-dfcd-4084-b96f-c59c1145d3ec",
          "title": "testing orders & cart endpoint",
          "fullFile": "C:\\Users\\Divin\\OneDrive\\Desktop\\IP IT\\My Assignments\\Dees Design Backend\\api-test\\post_request.js",
          "file": "\\api-test\\post_request.js",
          "beforeHooks": [
            {
              "title": "\"before all\" hook in \"testing orders & cart endpoint\"",
              "fullTitle": "testing orders & cart endpoint \"before all\" hook in \"testing orders & cart endpoint\"",
              "timedOut": false,
              "duration": 0,
              "state": null,
              "speed": null,
              "pass": false,
              "fail": false,
              "pending": false,
              "context": null,
              "code": "product = {\n  \"customerId\": \"68a578a2ecef687c7aa2b1d9\",\n  \"productId\": \"68a2db88d39fff0320a978b0\",\n  \"productName\": \"Champagne Satin Evening Dress\",\n  \"price\": 870,\n  \"size\": \"S\",\n  \"quantity\": 1,\n  \"imgPath\": \"https://www.jovani.com/wp-content/uploads/0635A_BLUSHGOLD_1674-scaled.jpg\",\n  \"productProvider\": \"stockProduct\"\n};\n  order={\n  \"customerId\": \"6887a25b7ca36fb9ab871bea\",\n  \"address\": {\n\"streetAddress\": \"57 Hanilo Road\",\n\"suburb\": \"Alberton\",\n\"city\": \"Johannesburg\",\n\"postalCode\": \"2190\"\n  },\n  \"bankDetails\": {\n\"cardNumber\": \"1783990384822093\",\n\"cvv\": \"3820\",\n\"expiryDate\": \"2035-11-01\"\n  },\n  \"paymentMethod\": \"EFT\",\n  \"purchasedProducts\": [\n{\n  \"_id\": \"68a44f261ae54ce2c5b60109\",\n  \"customerId\": \"6887a25b7ca36fb9ab871bea\",\n  \"productId\": \"68a2db88d39fff0320a978a7\",\n  \"productName\": \"Emerald Green Satin Gown\",\n  \"price\": 890,\n  \"size\": \"M\",\n  \"quantity\": 1,\n  \"imgPath\": \"https://www.jovani.com/wp-content/uploads/44524_EMERALD_8199.jpg\",\n  \"productProvider\": \"stockProduct\"\n}\n  ],\n  \"totalAmount\": \"996.80\",\n}",
              "err": {},
              "uuid": "3c06eb32-88de-4287-8e16-f88a8067e965",
              "parentUUID": "ec5357ed-dfcd-4084-b96f-c59c1145d3ec",
              "isHook": true,
              "skipped": false
            }
          ],
          "afterHooks": [],
          "tests": [
            {
              "title": "should post product to cart",
              "fullTitle": "testing orders & cart endpoint should post product to cart",
              "timedOut": false,
              "duration": 317,
              "state": "passed",
              "speed": "slow",
              "pass": true,
              "fail": false,
              "pending": false,
              "context": null,
              "code": "const res = await axios.post(\n  `${url}/addToCart`,\n  product\n  ,\n  {\n    headers: {\n      \"Content-Type\": \"application/json\",\n       Authorization: `Basic ZGl2aW5lbnRhbWJ3ZTI4QGdtYWlsLmNvbTpNVEl6TkRVMk56Z3RSQT09`,\n    },\n  }\n);\nexpect(res).to.have.status(200);",
              "err": {},
              "uuid": "8005f279-d938-45ef-9eaa-865cca043912",
              "parentUUID": "ec5357ed-dfcd-4084-b96f-c59c1145d3ec",
              "isHook": false,
              "skipped": false
            },
            {
              "title": "should post order",
              "fullTitle": "testing orders & cart endpoint should post order",
              "timedOut": false,
              "duration": 660,
              "state": "passed",
              "speed": "slow",
              "pass": true,
              "fail": false,
              "pending": false,
              "context": null,
              "code": "const res = await axios.post(\n  `${url}/orders/68a578a2ecef687c7aa2b1d9`,\n  order\n  ,\n  {\n    headers: {\n      \"Content-Type\": \"application/json\",\n       Authorization: `Basic ZGl2aW5lbnRhbWJ3ZTI4QGdtYWlsLmNvbTpNVEl6TkRVMk56Z3RSQT09`,\n    },\n  }\n);\nexpect(res).to.have.status(200);",
              "err": {},
              "uuid": "76cc2f13-4665-45ca-b7fd-094f34c67184",
              "parentUUID": "ec5357ed-dfcd-4084-b96f-c59c1145d3ec",
              "isHook": false,
              "skipped": false
            },
            {
              "title": "should not post order if credit card number is invalid",
              "fullTitle": "testing orders & cart endpoint should not post order if credit card number is invalid",
              "timedOut": false,
              "duration": 247,
              "state": "passed",
              "speed": "slow",
              "pass": true,
              "fail": false,
              "pending": false,
              "context": null,
              "code": "try {\n  const res = await axios.post(\n    `${url}/orders/68a578a2ecef687c7aa2b1d9`,\n    { ...order,bankDetails:{...order.bankDetails,cardNumber:\"1234 1234 1234 123\"} },\n    {\n      headers: {\n        \"Content-Type\": \"application/json\",\n         Authorization: `Basic ZGl2aW5lbnRhbWJ3ZTI4QGdtYWlsLmNvbTpNVEl6TkRVMk56Z3RSQT09`\n      },\n    }\n  );\n  expect.fail(\"should not post order\");\n} catch (e) {\n  expect(e.status).equal(400);\n  expect(e.response.data).to.have.property(\n    \"error\",\n    \"invalid card number\"\n  );\n}",
              "err": {},
              "uuid": "f596469c-227e-44c6-b8e1-70fa2f59208a",
              "parentUUID": "ec5357ed-dfcd-4084-b96f-c59c1145d3ec",
              "isHook": false,
              "skipped": false
            },
            {
              "title": "should not post order if card expiry date has is passed",
              "fullTitle": "testing orders & cart endpoint should not post order if card expiry date has is passed",
              "timedOut": false,
              "duration": 184,
              "state": "passed",
              "speed": "slow",
              "pass": true,
              "fail": false,
              "pending": false,
              "context": null,
              "code": "try {\n  const res = await axios.post(\n    `${url}/orders/68a578a2ecef687c7aa2b1d9`,\n    { ...order,bankDetails:{...order.bankDetails,expiryDate:new Date(\"01/02/2025\")} },\n    {\n      headers: {\n        \"Content-Type\": \"application/json\",\n         Authorization: `Basic ZGl2aW5lbnRhbWJ3ZTI4QGdtYWlsLmNvbTpNVEl6TkRVMk56Z3RSQT09`\n      },\n    }\n  );\n  expect.fail(\"should not post order\");\n} catch (e) {\n  expect(e.status).equal(400);\n  expect(e.response.data).to.have.property(\n    \"error\",\n    \"Credit card is already expired\" \n  );\n}",
              "err": {},
              "uuid": "72ade069-279c-4f4c-a7a4-df04ca545c29",
              "parentUUID": "ec5357ed-dfcd-4084-b96f-c59c1145d3ec",
              "isHook": false,
              "skipped": false
            },
            {
              "title": "should not post order if cvv is invalid",
              "fullTitle": "testing orders & cart endpoint should not post order if cvv is invalid",
              "timedOut": false,
              "duration": 259,
              "state": "passed",
              "speed": "slow",
              "pass": true,
              "fail": false,
              "pending": false,
              "context": null,
              "code": "try {\n  const res = await axios.post(\n    `${url}/orders/68a578a2ecef687c7aa2b1d9`,\n    { ...order,bankDetails:{...order.bankDetails,cvv:\"12334\"} },\n    {\n      headers: {\n        \"Content-Type\": \"application/json\",\n         Authorization: `Basic ZGl2aW5lbnRhbWJ3ZTI4QGdtYWlsLmNvbTpNVEl6TkRVMk56Z3RSQT09`\n      },\n    }\n  );\n  expect.fail(\"should not post order\");\n} catch (e) {\n  expect(e.status).equal(400);\n  expect(e.response.data).to.have.property(\n    \"error\",\n    \"Invalid CVV number\" \n  );\n}",
              "err": {},
              "uuid": "9b8fc73d-15b1-4be6-91a4-e3a615b35985",
              "parentUUID": "ec5357ed-dfcd-4084-b96f-c59c1145d3ec",
              "isHook": false,
              "skipped": false
            },
            {
              "title": "should not post order if product isn't available",
              "fullTitle": "testing orders & cart endpoint should not post order if product isn't available",
              "timedOut": false,
              "duration": 467,
              "state": "passed",
              "speed": "slow",
              "pass": true,
              "fail": false,
              "pending": false,
              "context": null,
              "code": "try {\n  const res = await axios.post(\n    `${url}/orders/68a578a2ecef687c7aa2b1d9`,\n    { ...order,purchasedProducts:[...order.purchasedProducts,{...order.purchasedProducts[0],quantity:9000}] },\n    {\n      headers: {\n        \"Content-Type\": \"application/json\",\n         Authorization: `Basic ZGl2aW5lbnRhbWJ3ZTI4QGdtYWlsLmNvbTpNVEl6TkRVMk56Z3RSQT09`\n      },\n    }\n  );\n  expect.fail(\"should not post order\");\n} catch (e) {\n  expect(e.status).equal(400);\n  expect(e.response.data).to.have.property(\n    \"error\",\n    \"The product \" +\n        order.purchasedProducts[0].productName +\n        \" is no longer available in the quantity you want\" \n  );\n}",
              "err": {},
              "uuid": "d0be270d-22ef-4103-a816-28058f2a26c2",
              "parentUUID": "ec5357ed-dfcd-4084-b96f-c59c1145d3ec",
              "isHook": false,
              "skipped": false
            }
          ],
          "suites": [],
          "passes": [
            "8005f279-d938-45ef-9eaa-865cca043912",
            "76cc2f13-4665-45ca-b7fd-094f34c67184",
            "f596469c-227e-44c6-b8e1-70fa2f59208a",
            "72ade069-279c-4f4c-a7a4-df04ca545c29",
            "9b8fc73d-15b1-4be6-91a4-e3a615b35985",
            "d0be270d-22ef-4103-a816-28058f2a26c2"
          ],
          "failures": [],
          "pending": [],
          "skipped": [],
          "duration": 2134,
          "root": false,
          "rootEmpty": false,
          "_timeout": 40000
        },
        {
          "uuid": "26b555e7-fa5d-402e-a407-d93ed2f6a380",
          "title": "testing post reviews",
          "fullFile": "C:\\Users\\Divin\\OneDrive\\Desktop\\IP IT\\My Assignments\\Dees Design Backend\\api-test\\post_request.js",
          "file": "\\api-test\\post_request.js",
          "beforeHooks": [
            {
              "title": "\"before all\" hook in \"testing post reviews\"",
              "fullTitle": "testing post reviews \"before all\" hook in \"testing post reviews\"",
              "timedOut": false,
              "duration": 0,
              "state": null,
              "speed": null,
              "pass": false,
              "fail": false,
              "pending": false,
              "context": null,
              "code": "review=\n  {\n  \"name\": \"Britney\",\n  \"surname\": \"Nunes\",\n  \"productId\": \"68a2db88d39fff0320a978b0\",\n  \"review\": \"Lovely Dress\",\n  \"rating\": 5\n}",
              "err": {},
              "uuid": "2da9a84f-40f5-4f55-a859-ec42a198ca02",
              "parentUUID": "26b555e7-fa5d-402e-a407-d93ed2f6a380",
              "isHook": true,
              "skipped": false
            }
          ],
          "afterHooks": [],
          "tests": [
            {
              "title": "should post a review for a product",
              "fullTitle": "testing post reviews should post a review for a product",
              "timedOut": false,
              "duration": 257,
              "state": "passed",
              "speed": "slow",
              "pass": true,
              "fail": false,
              "pending": false,
              "context": null,
              "code": "const res = await axios.post(\n    `${url}/uploadReview/68a578a2ecef687c7aa2b1d9`,\n    review,\n    {\n      headers: {\n        \"Content-Type\": \"application/json\",\n         Authorization: `Basic ZGl2aW5lbnRhbWJ3ZTI4QGdtYWlsLmNvbTpNVEl6TkRVMk56Z3RSQT09`\n      },\n    }\n  );\nexpect(res.status).equal(200);",
              "err": {},
              "uuid": "febdc849-72a5-4739-8d03-f340ea2e36f6",
              "parentUUID": "26b555e7-fa5d-402e-a407-d93ed2f6a380",
              "isHook": false,
              "skipped": false
            },
            {
              "title": "should post a review for a designer",
              "fullTitle": "testing post reviews should post a review for a designer",
              "timedOut": false,
              "duration": 340,
              "state": "passed",
              "speed": "slow",
              "pass": true,
              "fail": false,
              "pending": false,
              "context": null,
              "code": "const res = await axios.post(\n    `${url}/uploadReviewForDesigner`,\n    {...review,productId:\"688644adb7cb9cc43fe63b39\"},\n    {\n      headers: {\n        \"Content-Type\": \"application/json\",\n         Authorization: `Basic ZGl2aW5lbnRhbWJ3ZTI4QGdtYWlsLmNvbTpNVEl6TkRVMk56Z3RSQT09`\n      },\n    }\n  );\nexpect(res.status).equal(200);",
              "err": {},
              "uuid": "3fe514f7-4282-4639-9a0f-f3dd3bf0030a",
              "parentUUID": "26b555e7-fa5d-402e-a407-d93ed2f6a380",
              "isHook": false,
              "skipped": false
            }
          ],
          "suites": [],
          "passes": [
            "febdc849-72a5-4739-8d03-f340ea2e36f6",
            "3fe514f7-4282-4639-9a0f-f3dd3bf0030a"
          ],
          "failures": [],
          "pending": [],
          "skipped": [],
          "duration": 597,
          "root": false,
          "rootEmpty": false,
          "_timeout": 40000
        },
        {
          "uuid": "11210eac-d698-4712-9c88-7f155612a4f3",
          "title": "testing product upload endpoint",
          "fullFile": "C:\\Users\\Divin\\OneDrive\\Desktop\\IP IT\\My Assignments\\Dees Design Backend\\api-test\\post_request.js",
          "file": "\\api-test\\post_request.js",
          "beforeHooks": [
            {
              "title": "\"before all\" hook in \"testing product upload endpoint\"",
              "fullTitle": "testing product upload endpoint \"before all\" hook in \"testing product upload endpoint\"",
              "timedOut": false,
              "duration": 0,
              "state": null,
              "speed": null,
              "pass": false,
              "fail": false,
              "pending": false,
              "context": null,
              "code": "designerProduct={\n  \"name\": \"Green Satin Dress\",\n  \"price\": \"2500\",\n  \"productDescription\": \"Waist:\\\"38cm\\\", Length:\\\"188cm\\\", Hips:\\\"44cm\\\", Chest:42cm\",\n  \"categories\": [\n\"Women\",\n\"Graduation\"\n  ],\n  \"onSale\": true,\n  \"uploadedBy\": \"Carmel Ngoyi\",\n  \"designerEmail\": \"carmel@gmail.com\",\n}\ncustomerProduct={\n  \"name\": \"Custom Blue Gown\",\n  \"price\": \"3200\",\n  \"uploadedBy\": \"Carmel Ngoyi\",\n  \"customerEmail\":\"divinentambwe28@gmail.com\"\n}  \n testFilePath = path.join(__dirname, \"hk7xO3Zf.jpeg\");\nif (!fs.existsSync(testFilePath)) {\n  fs.writeFileSync(testFilePath, \".....\");\n}",
              "err": {},
              "uuid": "80c82c1a-d561-41af-bacd-746c2c5cf825",
              "parentUUID": "11210eac-d698-4712-9c88-7f155612a4f3",
              "isHook": true,
              "skipped": false
            }
          ],
          "afterHooks": [],
          "tests": [
            {
              "title": "should post new designer product",
              "fullTitle": "testing product upload endpoint should post new designer product",
              "timedOut": false,
              "duration": 194,
              "state": "passed",
              "speed": "slow",
              "pass": true,
              "fail": false,
              "pending": false,
              "context": null,
              "code": "let formData = new FormData();\nformData.append(\"productImage\", fs.createReadStream(\"./api-test/hk7xO3Zf.jpeg\"));\nformData.append(\"details\", JSON.stringify(designerProduct));\nconst res = await axios.post(\n  `${url}/uploadDesignersProduct/68a5866104bda72911928fa7`,\n  formData,\n  { headers: {...formData.getHeaders() ,\n    Authorization: `Basic ZGl2aW5lbnRhbWJ3ZTI4QGdtYWlsLmNvbTpNVEl6TkRVMk56Z3RSQT09`\n  }\n  }\n);\nexpect(res.status).equal(200);",
              "err": {},
              "uuid": "7cd8c7b1-2ef9-4390-af6f-7a86538adbe9",
              "parentUUID": "11210eac-d698-4712-9c88-7f155612a4f3",
              "isHook": false,
              "skipped": false
            },
            {
              "title": "should send email to customer and post product in cart requests",
              "fullTitle": "testing product upload endpoint should send email to customer and post product in cart requests",
              "timedOut": false,
              "duration": 3129,
              "state": "passed",
              "speed": "slow",
              "pass": true,
              "fail": false,
              "pending": false,
              "context": null,
              "code": "let formData = new FormData();\nformData.append(\"custProductImage\", fs.createReadStream(\"./api-test/hk7xO3Zf.jpeg\"));\nformData.append(\"details\", JSON.stringify(customerProduct));\nconst res = await axios.post(\n  `${url}/SendDesignToCustomer/68a5866104bda72911928fa7`,\n  formData,\n  { headers: {...formData.getHeaders() ,\n    Authorization: `Basic ZGl2aW5lbnRhbWJ3ZTI4QGdtYWlsLmNvbTpNVEl6TkRVMk56Z3RSQT09`\n  }\n  }\n);\nexpect(res.status).equal(200);",
              "err": {},
              "uuid": "e77753b7-b1fa-4b66-b45d-29e21fcdb761",
              "parentUUID": "11210eac-d698-4712-9c88-7f155612a4f3",
              "isHook": false,
              "skipped": false
            },
            {
              "title": "should post product in cart request and not send mail with non-existent email",
              "fullTitle": "testing product upload endpoint should post product in cart request and not send mail with non-existent email",
              "timedOut": false,
              "duration": 187,
              "state": "passed",
              "speed": "slow",
              "pass": true,
              "fail": false,
              "pending": false,
              "context": null,
              "code": "let formData = new FormData();\nformData.append(\"custProductImage\", fs.createReadStream(\"./api-test/hk7xO3Zf.jpeg\"));\nformData.append(\"details\", JSON.stringify({...customerProduct,customerEmail:\"testNone@nomail.com\"}));\ntry{\n  const res = await axios.post(\n    `${url}/SendDesignToCustomer/68a5866104bda72911928fa7`,\n    formData,\n  \n    { headers: {...formData.getHeaders() ,\n      Authorization: `Basic ZGl2aW5lbnRhbWJ3ZTI4QGdtYWlsLmNvbTpNVEl6TkRVMk56Z3RSQT09`\n    }\n    }\n  );\n  expect.fail(\"should not send email\");\n}catch(e){\n  expect(e.response).to.have.status(400);\n  expect(e.response.data).to.have.property(\"error\",\"Customer not found\" );\n}",
              "err": {},
              "uuid": "80b5236a-a48d-43c8-af81-a1d83c3dd3e4",
              "parentUUID": "11210eac-d698-4712-9c88-7f155612a4f3",
              "isHook": false,
              "skipped": false
            }
          ],
          "suites": [],
          "passes": [
            "7cd8c7b1-2ef9-4390-af6f-7a86538adbe9",
            "e77753b7-b1fa-4b66-b45d-29e21fcdb761",
            "80b5236a-a48d-43c8-af81-a1d83c3dd3e4"
          ],
          "failures": [],
          "pending": [],
          "skipped": [],
          "duration": 3510,
          "root": false,
          "rootEmpty": false,
          "_timeout": 40000
        }
      ],
      "passes": [],
      "failures": [],
      "pending": [],
      "skipped": [],
      "duration": 0,
      "root": true,
      "rootEmpty": true,
      "_timeout": 40000
    }
  ],
  "meta": {
    "mocha": {
      "version": "11.7.4"
    },
    "mochawesome": {
      "options": {
        "quiet": false,
        "reportFilename": "mochawesome",
        "saveHtml": true,
        "saveJson": true,
        "consoleReporter": "spec",
        "useInlineDiffs": false,
        "code": true
      },
      "version": "7.1.4"
    },
    "marge": {
      "options": null,
      "version": "6.3.0"
    }
  }
}